[    0.000000] Initializing cgroup subsys cpuset
[    0.000000] Initializing cgroup subsys cpu
[    0.000000] Initializing cgroup subsys cpuacct
[    0.000000] Linux version 4.4.0-93-generic (buildd@lgw01-03) (gcc version 5.4.0 20160609 (Ubuntu 5.4.0-6ubuntu1~16.04.4) ) #116-Ubuntu SMP Fri Aug 11 21:17:51 UTC 2017 (Ubuntu 4.4.0-93.116-generic 4.4.79)
[    0.000000] Command line: BOOT_IMAGE=/boot/vmlinuz-4.4.0-93-generic root=LABEL=cloudimg-rootfs ro console=tty1 console=ttyS0
[    0.000000] KERNEL supported cpus:
[    0.000000]   Intel GenuineIntel
[    0.000000]   AMD AuthenticAMD
[    0.000000]   Centaur CentaurHauls
[    0.000000] x86/fpu: xstate_offset[2]:  576, xstate_sizes[2]:  256
[    0.000000] x86/fpu: Supporting XSAVE feature 0x01: 'x87 floating point registers'
[    0.000000] x86/fpu: Supporting XSAVE feature 0x02: 'SSE registers'
[    0.000000] x86/fpu: Supporting XSAVE feature 0x04: 'AVX registers'
[    0.000000] x86/fpu: Enabled xstate features 0x7, context size is 832 bytes, using 'standard' format.
[    0.000000] x86/fpu: Using 'lazy' FPU context switches.
[    0.000000] e820: BIOS-provided physical RAM map:
[    0.000000] BIOS-e820: [mem 0x0000000000000000-0x000000000009fbff] usable
[    0.000000] BIOS-e820: [mem 0x000000000009fc00-0x000000000009ffff] reserved
[    0.000000] BIOS-e820: [mem 0x00000000000f0000-0x00000000000fffff] reserved
[    0.000000] BIOS-e820: [mem 0x0000000000100000-0x000000007ffeffff] usable
[    0.000000] BIOS-e820: [mem 0x000000007fff0000-0x000000007fffffff] ACPI data
[    0.000000] BIOS-e820: [mem 0x00000000fec00000-0x00000000fec00fff] reserved
[    0.000000] BIOS-e820: [mem 0x00000000fee00000-0x00000000fee00fff] reserved
[    0.000000] BIOS-e820: [mem 0x00000000fffc0000-0x00000000ffffffff] reserved
[    0.000000] NX (Execute Disable) protection: active
[    0.000000] SMBIOS 2.5 present.
[    0.000000] Hypervisor detected: KVM
[    0.000000] e820: last_pfn = 0x7fff0 max_arch_pfn = 0x400000000
[    0.000000] MTRR: Disabled
[    0.000000] x86/PAT: MTRRs disabled, skipping PAT initialization too.
[    0.000000] CPU MTRRs all blank - virtualized system.
[    0.000000] x86/PAT: Configuration [0-7]: WB  WT  UC- UC  WB  WT  UC- UC  
[    0.000000] found SMP MP-table at [mem 0x0009fff0-0x0009ffff] mapped at [ffff88000009fff0]
[    0.000000] Scanning 1 areas for low memory corruption
[    0.000000] RAMDISK: [mem 0x36ada000-0x37564fff]
[    0.000000] ACPI: Early table checksum verification disabled
[    0.000000] ACPI: RSDP 0x00000000000E0000 000024 (v02 VBOX  )
[    0.000000] ACPI: XSDT 0x000000007FFF0030 00003C (v01 VBOX   VBOXXSDT 00000001 ASL  00000061)
[    0.000000] ACPI: FACP 0x000000007FFF00F0 0000F4 (v04 VBOX   VBOXFACP 00000001 ASL  00000061)
[    0.000000] ACPI: DSDT 0x000000007FFF0470 00210F (v01 VBOX   VBOXBIOS 00000002 INTL 20100528)
[    0.000000] ACPI: FACS 0x000000007FFF0200 000040
[    0.000000] ACPI: FACS 0x000000007FFF0200 000040
[    0.000000] ACPI: APIC 0x000000007FFF0240 00005C (v02 VBOX   VBOXAPIC 00000001 ASL  00000061)
[    0.000000] ACPI: SSDT 0x000000007FFF02A0 0001CC (v01 VBOX   VBOXCPUT 00000002 INTL 20100528)
[    0.000000] No NUMA configuration found
[    0.000000] Faking a node at [mem 0x0000000000000000-0x000000007ffeffff]
[    0.000000] NODE_DATA(0) allocated [mem 0x7ffeb000-0x7ffeffff]
[    0.000000] kvm-clock: Using msrs 4b564d01 and 4b564d00
[    0.000000] kvm-clock: cpu 0, msr 0:7ffe3001, primary cpu clock
[    0.000000] kvm-clock: using sched offset of 3170277819 cycles
[    0.000000] clocksource: kvm-clock: mask: 0xffffffffffffffff max_cycles: 0x1cd42e4dffb, max_idle_ns: 881590591483 ns
[    0.000000] Zone ranges:
[    0.000000]   DMA      [mem 0x0000000000001000-0x0000000000ffffff]
[    0.000000]   DMA32    [mem 0x0000000001000000-0x000000007ffeffff]
[    0.000000]   Normal   empty
[    0.000000]   Device   empty
[    0.000000] Movable zone start for each node
[    0.000000] Early memory node ranges
[    0.000000]   node   0: [mem 0x0000000000001000-0x000000000009efff]
[    0.000000]   node   0: [mem 0x0000000000100000-0x000000007ffeffff]
[    0.000000] Initmem setup node 0 [mem 0x0000000000001000-0x000000007ffeffff]
[    0.000000] ACPI: PM-Timer IO Port: 0x4008
[    0.000000] IOAPIC[0]: apic_id 2, version 32, address 0xfec00000, GSI 0-23
[    0.000000] ACPI: INT_SRC_OVR (bus 0 bus_irq 0 global_irq 2 dfl dfl)
[    0.000000] ACPI: INT_SRC_OVR (bus 0 bus_irq 9 global_irq 9 high level)
[    0.000000] Using ACPI (MADT) for SMP configuration information
[    0.000000] smpboot: Allowing 2 CPUs, 0 hotplug CPUs
[    0.000000] PM: Registered nosave memory: [mem 0x00000000-0x00000fff]
[    0.000000] PM: Registered nosave memory: [mem 0x0009f000-0x0009ffff]
[    0.000000] PM: Registered nosave memory: [mem 0x000a0000-0x000effff]
[    0.000000] PM: Registered nosave memory: [mem 0x000f0000-0x000fffff]
[    0.000000] e820: [mem 0x80000000-0xfebfffff] available for PCI devices
[    0.000000] Booting paravirtualized kernel on KVM
[    0.000000] clocksource: refined-jiffies: mask: 0xffffffff max_cycles: 0xffffffff, max_idle_ns: 7645519600211568 ns
[    0.000000] setup_percpu: NR_CPUS:512 nr_cpumask_bits:512 nr_cpu_ids:2 nr_node_ids:1
[    0.000000] PERCPU: Embedded 34 pages/cpu @ffff88007fc00000 s98328 r8192 d32744 u1048576
[    0.000000] PV qspinlock hash table entries: 256 (order: 0, 4096 bytes)
[    0.000000] Built 1 zonelists in Node order, mobility grouping on.  Total pages: 515961
[    0.000000] Policy zone: DMA32
[    0.000000] Kernel command line: BOOT_IMAGE=/boot/vmlinuz-4.4.0-93-generic root=LABEL=cloudimg-rootfs ro console=tty1 console=ttyS0
[    0.000000] PID hash table entries: 4096 (order: 3, 32768 bytes)
[    0.000000] Memory: 2033960K/2096696K available (8479K kernel code, 1294K rwdata, 3984K rodata, 1492K init, 1316K bss, 62736K reserved, 0K cma-reserved)
[    0.000000] SLUB: HWalign=64, Order=0-3, MinObjects=0, CPUs=2, Nodes=1
[    0.000000] Hierarchical RCU implementation.
[    0.000000] 	Build-time adjustment of leaf fanout to 64.
[    0.000000] 	RCU restricting CPUs from NR_CPUS=512 to nr_cpu_ids=2.
[    0.000000] RCU: Adjusting geometry for rcu_fanout_leaf=64, nr_cpu_ids=2
[    0.000000] NR_IRQS:33024 nr_irqs:440 16
[    0.000000] Console: colour VGA+ 80x25
[    0.000000] console [tty1] enabled
[    0.000000] console [ttyS0] enabled
[    0.000000] tsc: Detected 2699.998 MHz processor
[    2.302686] Calibrating delay loop (skipped) preset value.. 5399.99 BogoMIPS (lpj=10799992)
[    2.304671] pid_max: default: 32768 minimum: 301
[    2.320452] ACPI: Core revision 20150930
[    2.322247] ACPI: 2 ACPI AML tables successfully acquired and loaded
[    2.349210] Security Framework initialized
[    2.350180] Yama: becoming mindful.
[    2.351045] AppArmor: AppArmor initialized
[    2.353553] Dentry cache hash table entries: 262144 (order: 9, 2097152 bytes)
[    2.390007] Inode-cache hash table entries: 131072 (order: 8, 1048576 bytes)
[    2.400141] Mount-cache hash table entries: 4096 (order: 3, 32768 bytes)
[    2.418486] Mountpoint-cache hash table entries: 4096 (order: 3, 32768 bytes)
[    2.421617] Initializing cgroup subsys io
[    2.474312] Initializing cgroup subsys memory
[    2.475735] Initializing cgroup subsys devices
[    2.476796] Initializing cgroup subsys freezer
[    2.477920] Initializing cgroup subsys net_cls
[    2.478946] Initializing cgroup subsys perf_event
[    2.480135] Initializing cgroup subsys net_prio
[    2.488799] Initializing cgroup subsys hugetlb
[    2.489847] Initializing cgroup subsys pids
[    2.490897] CPU: Physical Processor ID: 0
[    2.502619] CPU: Processor Core ID: 0
[    2.504396] mce: CPU supports 0 MCE banks
[    2.505472] Last level iTLB entries: 4KB 64, 2MB 8, 4MB 8
[    2.506696] Last level dTLB entries: 4KB 64, 2MB 0, 4MB 0, 1GB 4
[    2.509779] Freeing SMP alternatives memory: 32K (ffffffff820ba000 - ffffffff820c2000)
[    2.552802] ftrace: allocating 32136 entries in 126 pages
[    2.627527] smpboot: APIC(0) Converting physical 0 to logical package 0
[    2.675631] smpboot: Max logical packages: 1
[    2.705494] x2apic enabled
[    2.711833] Switched APIC routing to physical x2apic.
[    2.717920] ..TIMER: vector=0x30 apic1=0 pin1=2 apic2=-1 pin2=-1
[    2.842503] smpboot: CPU0: Intel(R) Core(TM) i5-5257U CPU @ 2.70GHz (family: 0x6, model: 0x3d, stepping: 0x4)
[    2.959694] Performance Events: unsupported p6 CPU model 61 no PMU driver, software events only.
[    2.963242] KVM setup paravirtual spinlock
[    2.965011] x86: Booting SMP configuration:
[    2.968032] .... node  #0, CPUs:      #1
[    2.969120] kvm-clock: cpu 1, msr 0:7ffe3041, secondary cpu clock
[    2.976415] mce: CPU supports 0 MCE banks
[    2.980745] x86: Booted up 1 node, 2 CPUs
[    2.985744] smpboot: Total of 2 processors activated (10799.99 BogoMIPS)
[    2.994874] devtmpfs: initialized
[    2.997152] evm: security.selinux
[    2.997985] evm: security.SMACK64
[    2.998794] evm: security.SMACK64EXEC
[    2.999694] evm: security.SMACK64TRANSMUTE
[    3.000658] evm: security.SMACK64MMAP
[    3.001528] evm: security.ima
[    3.002273] evm: security.capability
[    3.003321] clocksource: jiffies: mask: 0xffffffff max_cycles: 0xffffffff, max_idle_ns: 7645041785100000 ns
[    3.005632] futex hash table entries: 512 (order: 3, 32768 bytes)
[    3.015171] pinctrl core: initialized pinctrl subsystem
[    3.018380] RTC time: 19:39:14, date: 09/16/17
[    3.021031] NET: Registered protocol family 16
[    3.035464] cpuidle: using governor ladder
[    3.047108] cpuidle: using governor menu
[    3.059229] PCCT header not found.
[    3.061697] ACPI: bus type PCI registered
[    3.068558] acpiphp: ACPI Hot Plug PCI Controller Driver version: 0.5
[    3.070066] PCI: Using configuration type 1 for base access
[    3.085714] ACPI: Added _OSI(Module Device)
[    3.092511] ACPI: Added _OSI(Processor Device)
[    3.093603] ACPI: Added _OSI(3.0 _SCP Extensions)
[    3.094650] ACPI: Added _OSI(Processor Aggregator Device)
[    3.101041] ACPI: Executed 1 blocks of module-level executable AML code
[    3.106244] ACPI: Interpreter enabled
[    3.107243] ACPI: (supports S0 S5)
[    3.108107] ACPI: Using IOAPIC for interrupt routing
[    3.109561] PCI: Using host bridge windows from ACPI; if necessary, use "pci=nocrs" and report a bug
[    3.115332] ACPI: PCI Root Bridge [PCI0] (domain 0000 [bus 00-ff])
[    3.121998] acpi PNP0A03:00: _OSC: OS supports [ASPM ClockPM Segments MSI]
[    3.123777] acpi PNP0A03:00: _OSC failed (AE_NOT_FOUND); disabling ASPM
[    3.131115] acpi PNP0A03:00: fail to add MMCONFIG information, can't access extended PCI configuration space under this bridge.
[    3.136272] PCI host bridge to bus 0000:00
[    3.137269] pci_bus 0000:00: root bus resource [io  0x0000-0x0cf7 window]
[    3.138701] pci_bus 0000:00: root bus resource [io  0x0d00-0xffff window]
[    3.140120] pci_bus 0000:00: root bus resource [mem 0x000a0000-0x000bffff window]
[    3.147807] pci_bus 0000:00: root bus resource [mem 0x80000000-0xffdfffff window]
[    3.151662] pci_bus 0000:00: root bus resource [bus 00-ff]
[    3.155856] pci 0000:00:01.1: legacy IDE quirk: reg 0x10: [io  0x01f0-0x01f7]
[    3.157481] pci 0000:00:01.1: legacy IDE quirk: reg 0x14: [io  0x03f6]
[    3.160542] pci 0000:00:01.1: legacy IDE quirk: reg 0x18: [io  0x0170-0x0177]
[    3.162112] pci 0000:00:01.1: legacy IDE quirk: reg 0x1c: [io  0x0376]
[    3.214930] pci 0000:00:07.0: quirk: [io  0x4000-0x403f] claimed by PIIX4 ACPI
[    3.224335] pci 0000:00:07.0: quirk: [io  0x4100-0x410f] claimed by PIIX4 SMB
[    3.264190] ACPI: PCI Interrupt Link [LNKA] (IRQs 5 9 10 *11)
[    3.277400] ACPI: PCI Interrupt Link [LNKB] (IRQs 5 9 10 *11)
[    3.280333] ACPI: PCI Interrupt Link [LNKC] (IRQs 5 9 *10 11)
[    3.293225] ACPI: PCI Interrupt Link [LNKD] (IRQs 5 *9 10 11)
[    3.301232] ACPI: Enabled 2 GPEs in block 00 to 07
[    3.309551] vgaarb: setting as boot device: PCI:0000:00:02.0
[    3.313696] vgaarb: device added: PCI:0000:00:02.0,decodes=io+mem,owns=io+mem,locks=none
[    3.324349] vgaarb: loaded
[    3.325284] vgaarb: bridge control possible 0000:00:02.0
[    3.333130] SCSI subsystem initialized
[    3.340481] ACPI: bus type USB registered
[    3.358222] usbcore: registered new interface driver usbfs
[    3.359424] usbcore: registered new interface driver hub
[    3.362595] usbcore: registered new device driver usb
[    3.363969] PCI: Using ACPI for IRQ routing
[    3.375944] NetLabel: Initializing
[    3.395102] NetLabel:  domain hash size = 128
[    3.453805] NetLabel:  protocols = UNLABELED CIPSOv4
[    3.503113] NetLabel:  unlabeled traffic allowed by default
[    3.523058] amd_nb: Cannot enumerate AMD northbridges
[    3.537957] clocksource: Switched to clocksource kvm-clock
[    3.603877] AppArmor: AppArmor Filesystem Enabled
[    3.625417] pnp: PnP ACPI init
[    3.682771] pnp: PnP ACPI: found 3 devices
[    3.709979] clocksource: acpi_pm: mask: 0xffffff max_cycles: 0xffffff, max_idle_ns: 2085701024 ns
[    3.838045] NET: Registered protocol family 2
[    3.864154] TCP established hash table entries: 16384 (order: 5, 131072 bytes)
[    3.873061] TCP bind hash table entries: 16384 (order: 6, 262144 bytes)
[    3.895929] TCP: Hash tables configured (established 16384 bind 16384)
[    3.913089] UDP hash table entries: 1024 (order: 3, 32768 bytes)
[    3.933370] UDP-Lite hash table entries: 1024 (order: 3, 32768 bytes)
[    3.944247] NET: Registered protocol family 1
[    4.057524] pci 0000:00:00.0: Limiting direct PCI/PCI transfers
[    4.079057] pci 0000:00:01.0: Activating ISA DMA hang workarounds
[    4.101144] Unpacking initramfs...
[    7.137594] Freeing initrd memory: 10796K (ffff880036ada000 - ffff880037565000)
[    7.178915] RAPL PMU detected, API unit is 2^-32 Joules, 4 fixed counters 10737418240 ms ovfl timer
[    7.264526] hw unit of domain pp0-core 2^-0 Joules
[    7.285310] hw unit of domain package 2^-0 Joules
[    7.312196] hw unit of domain dram 2^-0 Joules
[    7.330753] hw unit of domain pp1-gpu 2^-0 Joules
[    7.337257] platform rtc_cmos: registered platform RTC device (no PNP device found)
[    7.377919] Scanning for low memory corruption every 60 seconds
[    7.395664] audit: initializing netlink subsys (disabled)
[    7.404872] audit: type=2000 audit(1505590760.741:1): initialized
[    7.411646] Initialise system trusted keyring
[    7.419467] HugeTLB registered 2 MB page size, pre-allocated 0 pages
[    7.430870] zbud: loaded
[    7.435100] VFS: Disk quotas dquot_6.6.0
[    7.440262] VFS: Dquot-cache hash table entries: 512 (order 0, 4096 bytes)
[    7.470020] squashfs: version 4.0 (2009/01/31) Phillip Lougher
[    7.501320] fuse init (API version 7.23)
[    7.511955] Key type big_key registered
[    7.521489] Allocating IMA MOK and blacklist keyrings.
[    7.532204] Key type asymmetric registered
[    7.591487] Asymmetric key parser 'x509' registered
[    7.608065] Block layer SCSI generic (bsg) driver version 0.4 loaded (major 249)
[    7.621778] io scheduler noop registered
[    7.645871] io scheduler deadline registered (default)
[    7.651604] io scheduler cfq registered
[    7.696821] pci_hotplug: PCI Hot Plug PCI Core version: 0.5
[    7.737262] pciehp: PCI Express Hot Plug Controller Driver version: 0.4
[    7.774401] ACPI: AC Adapter [AC] (off-line)
[    7.807133] input: Power Button as /devices/LNXSYSTM:00/LNXPWRBN:00/input/input0
[    7.841522] ACPI: Power Button [PWRF]
[    7.861547] input: Sleep Button as /devices/LNXSYSTM:00/LNXSLPBN:00/input/input1
[    7.888417] ACPI: Sleep Button [SLPF]
[    7.917728] GHES: HEST is not enabled!
[    7.918964] ACPI: Battery Slot [BAT0] (battery present)
[    7.972331] Serial: 8250/16550 driver, 32 ports, IRQ sharing enabled
[    8.010917] 00:02: ttyS0 at I/O 0x3f8 (irq = 4, base_baud = 115200) is a 16550A
[    8.037583] Linux agpgart interface v0.103
[    8.055860] loop: module loaded
[    8.096448] scsi host0: ata_piix
[    8.117163] scsi host1: ata_piix
[    8.130521] ata1: PATA max UDMA/33 cmd 0x1f0 ctl 0x3f6 bmdma 0xd000 irq 14
[    8.144275] ata2: PATA max UDMA/33 cmd 0x170 ctl 0x376 bmdma 0xd008 irq 15
[    8.178970] libphy: Fixed MDIO Bus: probed
[    8.194525] tun: Universal TUN/TAP device driver, 1.6
[    8.212028] tun: (C) 1999-2004 Max Krasnyansky <maxk@qualcomm.com>
[    8.263907] PPP generic driver version 2.4.2
[    8.299448] ehci_hcd: USB 2.0 'Enhanced' Host Controller (EHCI) Driver
[    8.300828] ehci-pci: EHCI PCI platform driver
[    8.314063] ehci-platform: EHCI generic platform driver
[    8.319669] ohci_hcd: USB 1.1 'Open' Host Controller (OHCI) Driver
[    8.320991] ohci-pci: OHCI PCI platform driver
[    8.345492] tsc: Refined TSC clocksource calibration: 2698.800 MHz
[    8.350591] clocksource: tsc: mask: 0xffffffffffffffff max_cycles: 0x26e6d0942d7, max_idle_ns: 440795226529 ns
[    8.350648] ohci-platform: OHCI generic platform driver
[    8.350666] uhci_hcd: USB Universal Host Controller Interface driver
[    8.350781] i8042: PNP: PS/2 Controller [PNP0303:PS2K,PNP0f03:PS2M] at 0x60,0x64 irq 1,12
[    8.351234] serio: i8042 KBD port at 0x60,0x64 irq 1
[    8.351238] serio: i8042 AUX port at 0x60,0x64 irq 12
[    8.410366] mousedev: PS/2 mouse device common for all mice
[    8.410709] input: AT Translated Set 2 keyboard as /devices/platform/i8042/serio0/input/input2
[    8.411172] rtc_cmos rtc_cmos: rtc core: registered rtc_cmos as rtc0
[    8.411276] rtc_cmos rtc_cmos: alarms up to one day, 114 bytes nvram
[    8.411287] i2c /dev entries driver
[    8.411357] device-mapper: uevent: version 1.0.3
[    8.411429] device-mapper: ioctl: 4.34.0-ioctl (2015-10-28) initialised: dm-devel@redhat.com
[    8.411442] ledtrig-cpu: registered to indicate activity on CPUs
[    8.411805] NET: Registered protocol family 10
[    8.411958] NET: Registered protocol family 17
[    8.411966] Key type dns_resolver registered
[    8.412112] microcode: CPU0 sig=0x306d4, pf=0x40, revision=0x0
[    8.515203] microcode: CPU1 sig=0x306d4, pf=0x40, revision=0x0
[    8.515306] microcode: Microcode Update Driver: v2.01 <tigran@aivazian.fsnet.co.uk>, Peter Oruba
[    8.515455] registered taskstats version 1
[    8.515472] Loading compiled-in X.509 certificates
[    8.516339] Loaded X.509 cert 'Build time autogenerated kernel key: a6f98c496ad22cf23b77f8fe21ff88c41791cbd4'
[    8.516430] zswap: loaded using pool lzo/zbud
[    8.518434] Key type trusted registered
[    8.521901] Key type encrypted registered
[    8.521909] AppArmor: AppArmor sha1 policy hashing enabled
[    8.521912] ima: No TPM chip found, activating TPM-bypass!
[    8.521937] evm: HMAC attrs: 0x1
[    8.522301]   Magic number: 1:370:698
[    8.591077] rtc_cmos rtc_cmos: setting system clock to 2017-09-16 19:39:19 UTC (1505590759)
[    8.591216] BIOS EDD facility v0.16 2004-Jun-25, 0 devices found
[    8.591216] EDD information not available.
[    8.948797] Freeing unused kernel memory: 1492K (ffffffff81f45000 - ffffffff820ba000)
[    9.027049] Write protecting the kernel read-only data: 14336k
[    9.089086] Freeing unused kernel memory: 1748K (ffff88000184b000 - ffff880001a00000)
[    9.108473] Freeing unused kernel memory: 112K (ffff880001de4000 - ffff880001e00000)
Loading, please wait...
startin[    9.176751] random: systemd-udevd: uninitialized urandom read (16 bytes read, 3 bits of entropy available)
g version 229
[    9.177349] random: udevadm: uninitialized urandom read (16 bytes read, 3 bits of entropy available)
[    9.177381] random: udevadm: uninitialized urandom read (16 bytes read, 3 bits of entropy available)
[    9.177475] random: udevadm: uninitialized urandom read (16 bytes read, 3 bits of entropy available)
[    9.177629] random: udevadm: uninitialized urandom read (16 bytes read, 3 bits of entropy available)
[    9.177672] random: udevadm: uninitialized urandom read (16 bytes read, 3 bits of entropy available)
[    9.177706] random: udevadm: uninitialized urandom read (16 bytes read, 3 bits of entropy available)
[    9.177737] random: udevadm: uninitialized urandom read (16 bytes read, 3 bits of entropy available)
[    9.177771] random: udevadm: uninitialized urandom read (16 bytes read, 3 bits of entropy available)
[    9.177803] random: udevadm: uninitialized urandom read (16 bytes read, 3 bits of entropy available)
[    9.558835] e1000: Intel(R) PRO/1000 Network Driver - version 7.3.21-k8-NAPI
[    9.626656] e1000: Copyright (c) 1999-2006 Intel Corporation.
[    9.632415] Fusion MPT base driver 3.04.20
[    9.633589] Copyright (c) 1999-2008 LSI Corporation
[    9.661747] AVX version of gcm_enc/dec engaged.
[    9.663182] AES CTR mode by8 optimization enabled
[    9.711735] Fusion MPT SPI Host driver 3.04.20
[    9.883164] input: ImExPS/2 Generic Explorer Mouse as /devices/platform/i8042/serio1/input/input4
[   10.051617] e1000 0000:00:03.0 eth0: (PCI:33MHz:32-bit) 02:6d:48:63:12:0d
[   10.064767] e1000 0000:00:03.0 eth0: Intel(R) PRO/1000 Network Connection
[   10.108233] mptbase: ioc0: Initiating bringup
[   10.210939] ioc0: LSI53C1030 A0: Capabilities={Initiator}
[   10.387208] scsi host2: ioc0: LSI53C1030 A0, FwRev=00000000h, Ports=1, MaxQ=256, IRQ=20
[   10.512384] scsi 2:0:0:0: Direct-Access     VBOX     HARDDISK         1.0  PQ: 0 ANSI: 5
[   10.566987] scsi target2:0:0: Beginning Domain Validation
[   10.570059] scsi target2:0:0: Domain Validation skipping write tests
[   10.583141] scsi target2:0:0: Ending Domain Validation
[   10.612676] scsi target2:0:0: asynchronous
[   10.630916] scsi 2:0:1:0: Direct-Access     VBOX     HARDDISK         1.0  PQ: 0 ANSI: 5
[   10.701532] scsi target2:0:1: Beginning Domain Validation
[   10.719803] scsi target2:0:1: Domain Validation skipping write tests
[   10.755004] scsi target2:0:1: Ending Domain Validation
[   10.758326] scsi target2:0:1: asynchronous
[   10.778782] sd 2:0:0:0: Attached scsi generic sg0 type 0
[   10.783557] sd 2:0:0:0: [sda] 20971520 512-byte logical blocks: (10.7 GB/10.0 GiB)
[   10.791135] sd 2:0:1:0: Attached scsi generic sg1 type 0
[   10.798336] sd 2:0:1:0: [sdb] 20480 512-byte logical blocks: (10.5 MB/10.0 MiB)
[   10.807143] sd 2:0:1:0: [sdb] Write Protect is off
[   10.813225] sd 2:0:1:0: [sdb] Incomplete mode parameter data
[   10.813227] sd 2:0:1:0: [sdb] Assuming drive cache: write through
[   10.894349] sd 2:0:0:0: [sda] Write Protect is off
[   10.894471] sd 2:0:0:0: [sda] Incomplete mode parameter data
[   10.894472] sd 2:0:0:0: [sda] Assuming drive cache: write through
[   10.896848] sd 2:0:1:0: [sdb] Attached SCSI disk
[   10.897229]  sda: sda1
[   10.898394] sd 2:0:0:0: [sda] Attached SCSI disk
[   10.936984] e1000 0000:00:08.0 eth1: (PCI:33MHz:32-bit) 08:00:27:53:e3:f3
[   10.936987] e1000 0000:00:08.0 eth1: Intel(R) PRO/1000 Network Connection
[   10.943108] e1000 0000:00:08.0 enp0s8: renamed from eth1
[   11.051349] e1000 0000:00:03.0 enp0s3: renamed from eth0
[   12.650914] floppy0: no floppy controllers found
Begin: Loading e[   14.046442] md: linear personality registered for level -1
ssential drivers[   14.114456] md: multipath personality registered for level -4
 ... [   14.152149] md: raid0 personality registered for level 0
[   14.196043] md: raid1 personality registered for level 1
[   14.278190] raid6: sse2x1   gen()  6270 MB/s
[   14.433978] raid6: sse2x1   xor()  2706 MB/s
[   14.518268] raid6: sse2x2   gen()  5021 MB/s
[   14.594112] raid6: sse2x2   xor()  3487 MB/s
[   14.670197] raid6: sse2x4   gen()  6499 MB/s
[   14.742031] raid6: sse2x4   xor()  7345 MB/s
[   14.753555] raid6: using algorithm sse2x4 gen() 6499 MB/s
[   14.754795] raid6: .... xor() 7345 MB/s, rmw enabled
[   14.757340] raid6: using ssse3x2 recovery algorithm
[   14.769787] xor: automatically using best checksumming function:
[   14.826844]    avx       : 18401.000 MB/sec
[   14.870533] async_tx: api initialized (async)
[   14.887326] md: raid6 personality registered for level 6
[   14.891417] md: raid5 personality registered for level 5
[   14.894340] md: raid4 personality registered for level 4
[   14.910787] md: raid10 personality registered for level 10
done.
Begin: Running /scripts/init-premount ... done.
Begin: Mounting root file system ... Begin: Running /scripts/local-top ... done.
Begin: Running /scripts/local-premount ... [   14.963262] Btrfs loaded
Scanning for Btrfs filesystems
done.
Warning: fsck no[   15.026121] EXT4-fs (sda1): mounted filesystem with ordered data mode. Opts: (null)
t present, so skipping root file system
done.
Begin: Running /scripts/local-bottom ... done.
Begin: Running /scripts/init-bottom ... done.
[   15.190290] systemd[1]: systemd 229 running in system mode. (+PAM +AUDIT +SELINUX +IMA +APPARMOR +SMACK +SYSVINIT +UTMP +LIBCRYPTSETUP +GCRYPT +GNUTLS +ACL +XZ -LZ4 +SECCOMP +BLKID +ELFUTILS +KMOD -IDN)
[   15.275021] systemd[1]: Detected virtualization oracle.
[   15.282088] systemd[1]: Detected architecture x86-64.

Welcome to [1mUbuntu 16.04.3 LTS[0m!

[   15.311290] systemd[1]: Set hostname to <ubuntu>.
[   15.318771] systemd[1]: Initializing machine ID from random generator.
[   15.321361] systemd[1]: Installed transient /etc/machine-id file.
[   15.610044] systemd[1]: Reached target Swap.
[[0;32m  OK  [0m] Reached target Swap.
[   15.635577] systemd[1]: Started Forward Password Requests to Wall Directory Watch.
[[0;32m  OK  [0m] Started Forward Password Requests to Wall Directory Watch.
[   15.639539] systemd[1]: Listening on Journal Audit Socket.
[[0;32m  OK  [0m] Listening on Journal Audit Socket.
[   15.643677] systemd[1]: Listening on LVM2 poll daemon socket.
[[0;32m  OK  [0m] Listening on LVM2 poll daemon socket.
[   15.657372] systemd[1]: Listening on udev Kernel Socket.
[[0;32m  OK  [0m] Listening on udev Kernel Socket.
[   15.663321] systemd[1]: Listening on /dev/initctl Compatibility Named Pipe.
[[0;32m  OK  [0m] Listening on /dev/initctl Compatibility Named Pipe.
[   15.673928] systemd[1]: Reached target User and Group Name Lookups.
[[0;32m  OK  [0m] Reached target User and Group Name Lookups.
[   15.707179] systemd[1]: Listening on LVM2 metadata daemon socket.
[[0;32m  OK  [0m] Listening on LVM2 metadata daemon socket.
[   15.774449] systemd[1]: Listening on Device-mapper event daemon FIFOs.
[[0;32m  OK  [0m] Listening on Device-mapper event daemon FIFOs.
[   15.819458] systemd[1]: Reached target Encrypted Volumes.
[[0;32m  OK  [0m] Reached target Encrypted Volumes.
[   15.830058] systemd[1]: Started Trigger resolvconf update for networkd DNS.
[[0;32m  OK  [0m] Started Trigger resolvconf update for networkd DNS.
[   15.889240] systemd[1]: Set up automount Arbitrary Executable File Formats File System Automount Point.
[[0;32m  OK  [0m] Set up automount Arbitrary Executab...ats File System Automount Point.
[   16.029676] systemd[1]: Listening on Journal Socket (/dev/log).
[[0;32m  OK  [0m] Listening on Journal Socket (/dev/log).
[   16.057650] systemd[1]: Created slice User and Session Slice.
[[0;32m  OK  [0m] Created slice User and Session Slice.
[   16.104119] systemd[1]: Listening on Syslog Socket.
[[0;32m  OK  [0m] Listening on Syslog Socket.
[   16.145990] systemd[1]: Listening on Journal Socket.
[[0;32m  OK  [0m] Listening on Journal Socket.
[   16.274419] systemd[1]: Listening on udev Control Socket.
[[0;32m  OK  [0m] Listening on udev Control Socket.
[   16.335036] systemd[1]: Created slice System Slice.
[[0;32m  OK  [0m] Created slice System Slice.
[   16.446355] systemd[1]: Starting Create list of required static device nodes for the current kernel...
[   16.542961] random: nonblocking pool is initialized
         Starting Create list of required st... nodes for the current kernel...
[   16.587010] systemd[1]: Starting Set console keymap...
         Starting Set console keymap...
[   16.658469] systemd[1]: Mounting Debug File System...
         Mounting Debug File System...
[   16.734456] systemd[1]: Starting Remount Root and Kernel File Systems...
[   16.737403] EXT4-fs (sda1): re-mounted. Opts: (null)
         Starting Remount Root and Kernel File Systems...
[   16.858407] systemd[1]: Starting Uncomplicated firewall...
         Starting Uncomplicated firewall...
[   16.906375] systemd[1]: Starting Journal Service...
         Starting Journal Service...
[   16.986297] systemd[1]: Starting Load Kernel Modules...
         Startin[   16.994306] Loading iSCSI transport class v2.0-870.
g Load Kernel Modules...
[   17.075241] iscsi: registered transport (tcp)
[   17.082537] systemd[1]: Created slice system-serial\x2dgetty.slice.
[[0;32m  OK  [0m] Created slice system-serial\[   17.118466] iscsi: registered transport (iser)
x2dgetty.slice.
[   17.175636] systemd[1]: Reached target Slices.
[[0;32m  OK  [0m] Reached target Slices.
[   17.234354] systemd[1]: Starting Monitoring of LVM2 mirrors, snapshots etc. using dmeventd or progress polling...
         Starting Monitoring of LVM2 mirrors... dmeventd or progress polling...
[   17.322705] systemd[1]: Mounting POSIX Message Queue File System...
         Mounting POSIX Message Queue File System...
[   17.362433] systemd[1]: Starting Nameserver information manager...
         Starting Nameserver information manager...
[   17.406322] systemd[1]: Mounting Huge Pages File System...
         Mounting Huge Pages File System...
[   17.495090] systemd[1]: Mounted POSIX Message Queue File System.
[[0;32m  OK  [0m] Mounted POSIX Message Queue File System.
[   17.560218] systemd[1]: Mounted Debug File System.
[[0;32m  OK  [0m] Mounted Debug File System.
[   17.606240] systemd[1]: Mounted Huge Pages File System.
[[0;32m  OK  [0m] Mounted Huge Pages File System.
[   17.678628] systemd[1]: Started Journal Service.
[[0;32m  OK  [0m] Started Journal Service.
[[0;32m  OK  [0m] Started Create list of required sta...ce nodes for the current kernel.
[[0;32m  OK  [0m] Started Set console keymap.
[[0;32m  OK  [0m] Started Remount Root and Kernel File Systems.
[[0;32m  OK  [0m] Started Uncomplicated firewall.
[[0;32m  OK  [0m] Started Load Kernel Modules.
[[0;32m  OK  [0m] Started Nameserver information manager.
[[0;32m  OK  [0m] Started LVM2 metadata daemon.
         Starting Apply Kernel Variables...
         Mounting FUSE Control File System...
         Starting Load/Save Random Seed...
         Starting udev Coldplug all Devices...
         Starting Initial cloud-init job (pre-networking)...
         Starting Create Static Device Nodes in /dev...
         Starting Flush Journal to Persistent Storage...
[[0;32m  OK  [0m] Mounted FUSE Control File System.
[[0;32m  OK  [0m] Started Monitoring of LVM2 mirrors,...ng dmeventd or progress polling.
[[0;32m  OK  [0m] Started Apply Kernel Variables.
[[0;32m  OK  [0m] Started Load/Save Random Seed.
[[0;32m  OK  [0m] Started Create Static Device Nodes in /dev.
[[0;32m  OK  [0m] Started udev Coldplug all Devices.
[[0;32m  OK  [0m] Started Flush Journal to Persistent Storage.
         Starting udev Kernel Device Manager...
[[0;32m  OK  [0m] Started udev Kernel Device Manager.
[[0;32m  OK  [0m] Started Dispatch Password Requests to Console Directory Watch.
[[0;32m  OK  [0m] Reached target Local File Systems (Pre).
[[0;32m  OK  [0m] Reached target Local File Systems.
         Starting Set console font and keymap...
         Starting Commit a transient machine-id on disk...
         Starting Create Volatile Files and Directories...
         Starting LSB: AppArmor initialization...
         Starting Tell Plymouth To Write Out Runtime Data...
[[0;32m  OK  [0m] Started Commit a transient machine-id on disk.
[   16.252201] cloud-init[458]: Cloud-init v. 0.7.9 running 'init-local' at Sat, 16 Sep 2017 19:39:29 +0000. Up 15.81 seconds.
[[0;32m  OK  [0m] Started Create Volatile Files and Directories.
[[0;32m  OK  [0m] Started Set console font and keymap.
[[0;32m  OK  [0m] Started Tell Plymouth To Write Out Runtime Data.
[[0;32m  OK  [0m] Started Initial cloud-init job (pre-networking).
[[0;32m  OK  [0m] Found device /dev/ttyS0.
[[0;32m  OK  [0m] Listening on Load/Save RF Kill Switch Status /dev/rfkill Watch.
[[0;32m  OK  [0m] Reached target Network (Pre).
[[0;32m  OK  [0m] Created slice system-getty.slice.
         Starting Update UTMP about System Boot/Shutdown...
[[0;32m  OK  [0m] Reached target System Time Synchronized.
[[0;32m  OK  [0m] Started Update UTMP about System Boot/Shutdown.
[[0;32m  OK  [0m] Started LSB: AppArmor initialization.
         Starting Raise network interfaces...
[[0;32m  OK  [0m] Started Raise network interfaces.
         Starting Initial cloud-init job (metadata service crawler)...
[[0;32m  OK  [0m] Reached target Network.
[   19.996621] cloud-init[964]: Cloud-init v. 0.7.9 running 'init' at Sat, 16 Sep 2017 19:39:33 +0000. Up 19.11 seconds.
[   20.048649] cloud-init[964]: ci-info: ++++++++++++++++++++++++++++++++++++++Net device info++++++++++++++++++++++++++++++++++++++
[   20.049007] [cloud-init[0;32m  OK  [0m[964]: ] ci-info: +--------+-------+----------------------------+---------------+-------+-------------------+Started Initial cloud-init job (metadata service crawler).

[   20.049388] cloud-init[964]: ci-info: | Device |   Up  |          Address           |      Mask     | Scope |     Hw-Address    |
[   20.265623] cloud-init[964]: ci-info: +--------+-------+----------------------------+---------------+-------+-------------------+
[   20.320200] cloud-init[964]: ci-info: | enp0s3 |  True |         10.0.2.15          | 255.255.255.0 |   .   | 02:6d:48:63:12:0d |
[   20.425541] cloud-init[964]: ci-info: | enp0s3 |  True | fe80::6d:48ff:fe63:120d/64 |       .       |  link | 02:6d:48:63:12:0d |
[   20.576826] cloud-init[964]: ci-info: |   lo   |  True |         127.0.0.1          |   255.0.0.0   |   .   |         .         |
[[0;32m  OK  [0m[   20.577313] ] cloud-initReached target System Initialization.[964]: 
ci-info: |   lo   |  True |          ::1/128           |       .       |  host |         .         |
[   20.577521] cloud-init[964]: ci-info: | enp0s8 | False |             .              |       .       |   .   | 08:00:27:53:e3:f3 |
[   20.648626] cloud-init[964]: ci-info: +--------+-------+----------------------------+---------------+-------+-------------------+
[   20.649242] cloud-init[964]: ci-info: +++++++++++++++++++++++++++Route IPv4 info++++++++++++++++++++++++++++
[[0;32m  OK  [0m] Started ACPI Events Check.
[   20.649374] cloud-init[964]: ci-info: +-------+-------------+----------+---------------+-----------+-------+
[   20.649427] cloud-init[964]: ci-info: | Route | Destination | Gateway  |    Genmask    | Interface | Flags |
[[0;32m  OK  [0m] Reached target Paths.
[[   20.673473] cloud-init[964]: ci-info: +-------+-------------+----------+---------------+-----------+-------+
[   20.741488] cloud-init[964]: ci-info: |   0   |   0.0.0.0   | 10.0.2.2 |    0.0.0.0    |   enp0s3  |   UG  |
[0;32m  OK  [0m] Listening on ACPID Listen Socket.
[[   20.741571] cloud-init[964]: ci-info: |   1   |   10.0.2.0  | 0.0.0.0  | 255.255.255.0 |   enp0s3  |   U   |
[   20.868949] cloud-init[964]: ci-info: +-------+-------------+----------+---------------+-----------+-------+
[0;32m  OK  [0m] Started Daily Cleanup of Temporary Directories.
[[   20.869143] cloud-init[964]: Generating public/private rsa key pair.
[   20.916320] cloud-init[964]: Your identification has been saved in /etc/ssh/ssh_host_rsa_key.
[   20.916463] cloud-init[964]: Your public key has been saved in /etc/ssh/ssh_host_rsa_key.pub.
[0;32m  OK  [0m] Listening on D-Bus System Message Bus Socket.
[[   20.916660] cloud-init[964]: The key fingerprint is:
[   20.922435] cloud-init[964]: SHA256:AfVAQdvc7oDeg8THS4DoF9XHaIAs+RivwgXQ33AmUvo root@ubuntu-xenial
[   20.922595] cloud-init[964]: The key's randomart image is:
[   20.922788] cloud-init[964]: +---[RSA 2048]----+
[   20.923113] cloud-init[964]: |.o ..o.=O+ o     |
[0;32m  OK  [0m[   20.928886] cloud-init[964]: |  +.*.=+ *+.o    |
[   20.929385] cloud-init[964]: |  .+.%o +.+..    |
[   20.930806] cloud-init[964]: |   o+ +o = .     |
[   20.931310] cloud-init[964]: | . .E.. S = .    |
[   20.933335] cloud-init[964]: |  o .. o = +     |
[   20.934172] cloud-init[964]: |   .    o + .    |
[   20.935600] cloud-init[964]: |           .     |
[   20.936381] cloud-init[964]: |                 |
[   20.936562] cloud-init[964]: +----[SHA256]-----+
[   20.936751] cloud-init[964]: Generating public/private dsa key pair.
[   20.936945] cloud-init[964]: Your identification has been saved in /etc/ssh/ssh_host_dsa_key.
[   20.937143] cloud-init[964]: Your public key has been saved in /etc/ssh/ssh_host_dsa_key.pub.
[   20.937332] cloud-init[964]: The key fingerprint is:
] Started Timer to automatically refresh installed snaps.
[   20.937551] cloud-init[964]: SHA256:5+EGKmXwGXsGDeX5PYbDS7jdWCew1c6O13a7ZsZXHyQ root@ubuntu-xenial
[   20.964393] cloud-init[964]: The key's randomart image is:
[   20.964741] cloud-init[964]: +---[DSA 1024]----+
         Starting LXD - unix socket.
[[   20.964920] cloud-init[964]: |      ...        |
[   20.972976] cloud-init[964]: |       + .   .   |
[0;32m  OK  [0m] Started Timer to automatically fetch and run repair assertions.
         Starting Socket activation for snappy daemon.
[   20.973098] cloud-init[964]: |    . o + . . .  |
[   21.015877] cloud-init[964]: |     o = + * E . |
[   21.016408] cloud-init[964]: |      * S X * *  |
[[0;32m  OK  [0m] Listening on UUID daemon activation socket.
[   21.016728] cloud-init[964]: |     o + O O * o.|
[   21.098502] cloud-init[964]: |    . . . B o + B|
[[0;32m  OK  [0m] Reached target Cloud-config availability.
[[   21.098651] cloud-init[964]: |     .   .   . *=|
[   21.115417] cloud-init[964]: |              +oo|
[   21.115581] cloud-init[964]: +----[SHA256]-----+
[   21.115796] cloud-init[964]: Generating public/private ecdsa key pair.
[   21.116117] cloud-init[964]: Your identification has been saved in /etc/ssh/ssh_host_ecdsa_key.
[   21.116283] cloud-init[964]: Your public key has been saved in /etc/ssh/ssh_host_ecdsa_key.pub.
[0;32m  OK  [0m] Reached target Network is Online.
[   21.116313] cloud-init[964]: The key fingerprint is:
         [   21.132811] Starting iSCSI initiator daemon (iscsid)...cloud-init
[964]: SHA256:uH7uQJ+ycCtRYSxWTPhg3DGK4QKjSp2bH6PG1Gr0dmM root@ubuntu-xenial
[   21.163230] cloud-init[964]: The key's randomart image is:
[   21.163618] cloud-init[964]: +---[ECDSA 256]---+
[[0;32m  OK  [0m] Started Daily apt download activities.
[[   21.163820] cloud-init[964]: |o .. B=.         |
[   21.198730] cloud-init[964]: |oo.oO.*.         |
[0;32m  OK  [0m] Started Daily apt upgrade and clean activities.
[[   21.198896] cloud-init[964]: |o.o=.= .         |
[   21.222406] cloud-init[964]: |o.  + o.         |
[0;32m  OK  [0m] Reached target Timers.
[   21.222551] cloud-init[964]: |.  = =o S        |
[   21.240445] cloud-init[964]: |  + *.oo .       |
[   21.240809] cloud-init[964]: |   *.==Eo        |
[[0;32m  OK  [0m] Listening on LXD - unix socket.
[[   21.241177] cloud-init[964]: |  o o+o=o        |
[   21.252679] cloud-init[964]: |     .++o        |
[   21.252829] cloud-init[964]: +----[SHA256]-----+
[0;32m  OK  [0m] Listening on Socket activation for snappy daemon.
[   21.253013] cloud-init[964]: Generating public/private ed25519 key pair.
[   21.280514] cloud-init[964]: Your identification has been saved in /etc/ssh/ssh_host_ed25519_key.
[   21.312339] cloud-init[964]: Your public key has been saved in /etc/ssh/ssh_host_ed25519_key.pub.
[   21.312687] cloud-init[964]: The key fingerprint is:
[[0;32m  OK  [0m] Started iSCSI initiator daemon (iscsid).
[   21.312862] cloud-init[964]: SHA256:7MeqXuo1TSBsqJbCXHQ3gcadVk6z+IxFAulJ8o781l4 root@ubuntu-xenial
         Starting Login to default iSCSI targets...
[   21.346394] cloud-init[964]: The key's randomart image is:
[   21.350097] cloud-init[964]: +--[ED25519 256]--+
[[0;32m  OK  [0m] Reached target Sockets.
[   21.350245] cloud-init[964]: |   ..o==+=       |
[   21.354896] cloud-init[964]: |  ...O.+B o      |
[   21.355099] cloud-init[964]: |   .B *..+       |
[[0;32m  OK  [0m] Reached target Basic System.
[   21.355865] cloud-init[964]: |o .o = o=.       |
[   21.375336] cloud-init[964]: |.o= o  .So.      |
[   21.375683] cloud-init[964]: | o o . . +       |
[[0;32m  OK  [0m] Started ACPI event daemon.
[   21.376271] cloud-init[964]: |    . . =E+      |
[   21.384645] cloud-init[964]: |     o =.+       |
         Starting Pollinate to seed the pseudo random number generator...
[   21.385489] cloud-init[964]: |    .o*o.        |
[   21.403159] cloud-init[964]: +----[SHA256]-----+
[[0;32m  OK  [0m] Started Unattended Upgrades Shutdown.
[[0;32m  OK  [0m] Started Regular background program processing daemon.
         Starting Apply the settings specified in cloud-config...
         Starting LSB: Record successful boot for GRUB...
[[0;32m  OK  [0m] Started D-Bus System Message Bus.
         Starting Snappy daemon...
         Starting /etc/rc.local Compatibility...
[[0;32m  OK  [0m] Started Deferred execution scheduler.
         Starting LSB: MD monitoring daemon...
[[0;32m  OK  [0m] Started FUSE filesystem for LXC.
         Starting System Logging Service...
         Starting LXD - container startup/shutdown...
         Starting Login Service...
         Starting Accounts Service...
[[0;32m  OK  [0m] Started Snappy daemon.
[[0;32m  OK  [0m] Started /etc/rc.local Compatibility.
[[0;32m  OK  [0m] Started System Logging Service.
[[0;32m  OK  [0m] Started Login to default iSCSI targets.
[[0;32m  OK  [0m] Started LSB: Record successful boot for GRUB.
[[0;32m  OK  [0m] Started LXD - container startup/shutdown.
[[0;32m  OK  [0m] Started LSB: MD monitoring daemon.
[[0;32m  OK  [0m] Started Login Service.
         Starting Authenticate and Authorize Users to Run Privileged Tasks...
[[0;32m  OK  [0m] Reached target Remote File Systems (Pre).
[[0;32m  OK  [0m] Reached target Remote File Systems.
         Starting LSB: automatic crash report generation...
         Starting LSB: daemon to balance interrupts for SMP systems...
         Starting LSB: Set the CPU Frequency Scaling governor to "ondemand"...
         Starting Permit User Sessions...
         Starting LSB: VirtualBox Linux Additions...
         Starting Auto import assertions from block devices...
[[0;32m  OK  [0m] Started Permit User Sessions.
[[0;32m  OK  [0m] Started Auto import assertions from block devices.
[[0;32m  OK  [0m] Started Authenticate and Authorize Users to Run Privileged Tasks.
[[0;32m  OK  [0m] Started Accounts Service.
         Starting Hold until boot process finishes up...
         Starting Terminate Plymouth Boot Screen...
[[0;32m  OK  [0m] Started LSB: automatic crash report generation.
[[0;32m  OK  [0m] Started LSB: daemon to balance interrupts for SMP systems.
[[0;32m  OK  [0m] Started LSB: Set the CPU Frequency Scaling governor to "ondemand".
[[0;32m  OK  [0m] Started LSB: VirtualBox Linux Additions.
[   22.816568] cloud-init[1104]: Generating locales (this might take a while)...
[[0;32m  OK  [0m] Started Hold until boot process finishes up.
[[0;32m  OK  [0m] Started Terminate Plymouth Boot Screen.
[[0;32m  OK  [0m] Started Getty on tty1.
         Starting Set console scheme...
[[0;32m  OK  [0m] Started Serial Getty on ttyS0.
[[0;32m  OK  [0m] Reached target Login Prompts.
[[0;32m  OK  [0m] Started Set console scheme.
[   23.577762] cloud-init[1104]:   en_US.UTF-8... done
[   23.604734] cloud-init[1104]: Generation complete.
[[0;32m  OK  [0m] Stopped OpenBSD Secure Shell server.
         Starting OpenBSD Secure Shell server...
[[0;32m  OK  [0m] Started OpenBSD Secure Shell server.
[[0;32m  OK  [0m] Started Pollinate to seed the pseudo random number generator.
[[0;32m  OK  [0m] Reached target Multi-User System.
[[0;32m  OK  [0m] Reached target Graphical Interface.
         Starting Update UTMP about System Runlevel Changes...
[[0;32m  OK  [0m] Started Update UTMP about System Runlevel Changes.
[   24.150580] cloud-init[1104]: Cloud-init v. 0.7.9 running 'modules:config' at Sat, 16 Sep 2017 19:39:36 +0000. Up 22.53 seconds.
[[0;32m  OK  [0m] Started Apply the settings specified in cloud-config.
         Starting Execute cloud user/final scripts...
ci-info: no authorized ssh keys fingerprints found for user ubuntu.
<14>Sep 16 19:39:38 ec2: 
<14>Sep 16 19:39:38 ec2: #############################################################
<14>Sep 16 19:39:38 ec2: -----BEGIN SSH HOST KEY FINGERPRINTS-----
<14>Sep 16 19:39:38 ec2: 1024 SHA256:5+EGKmXwGXsGDeX5PYbDS7jdWCew1c6O13a7ZsZXHyQ root@ubuntu-xenial (DSA)
<14>Sep 16 19:39:38 ec2: 256 SHA256:uH7uQJ+ycCtRYSxWTPhg3DGK4QKjSp2bH6PG1Gr0dmM root@ubuntu-xenial (ECDSA)
<14>Sep 16 19:39:38 ec2: 256 SHA256:7MeqXuo1TSBsqJbCXHQ3gcadVk6z+IxFAulJ8o781l4 root@ubuntu-xenial (ED25519)
<14>Sep 16 19:39:38 ec2: 2048 SHA256:AfVAQdvc7oDeg8THS4DoF9XHaIAs+RivwgXQ33AmUvo root@ubuntu-xenial (RSA)
<14>Sep 16 19:39:38 ec2: -----END SSH HOST KEY FINGERPRINTS-----
<14>Sep 16 19:39:38 ec2: #############################################################
-----BEGIN SSH HOST KEY KEYS-----
ecdsa-sha2-nistp256 AAAAE2VjZHNhLXNoYTItbmlzdHAyNTYAAAAIbmlzdHAyNTYAAABBBMCWSkIgvxG5Tm0+pOpyoxX0wuafxwYarOObQGlB+9SJodzmRTDRD8B2Tdeg5zHLuQ2ZOKwFBWkI7DCbP7Vafpg= root@ubuntu-xenial
ssh-ed25519 AAAAC3NzaC1lZDI1NTE5AAAAIHRZgBcKa+P0gbSGEzHlRyXbXXNBvxHhpAdFvqHcySEy root@ubuntu-xenial
ssh-rsa AAAAB3NzaC1yc2EAAAADAQABAAABAQDB9q49PMTGHDq40Y0dDhqPJJD2j3lrKf+m2Hx3jXx3XFVUzV0pEyTYrlWOeLqvy9AizMeRCn6tD59EaKyZsOF9EwipWIZOm+AS06EUhcW7et1YoYrq434onVJ/cfk6FwLt8TzbkzgeJuMs6/hRwgV3BjbJkhvZ1+PjMzZvEA2uKu3xZVAqT0fxBvPUZk7HqM7ZPAxWd896JJvppobUvBnRv0HpwmfgRb7q+4GhSLnx674q+2OMqsRsrcm9dP/Oy1MC+SOzKjIPM/mlcwbOS4WBuRTra8udByklnrWNZk8kqryjreVklFAVn4zpLmWuBki9nBd9I+7ntnR3xCRQ/Zpn root@ubuntu-xenial
-----END SSH HOST KEY KEYS-----
[   25.226426] cloud-init[1330]: Cloud-init v. 0.7.9 running 'modules:final' at Sat, 16 Sep 2017 19:39:38 +0000. Up 24.50 seconds.
[   25.317526] cloud-init[1330]: ci-info: no authorized ssh keys fingerprints found for user ubuntu.
[[0;32m  OK  [0m] Started Execute cloud user/final scripts.
[   25.348231] cloud-init[1330]: Cloud-init v. 0.7.9 finished at Sat, 16 Sep 2017 19:39:39 +0000. Datasource DataSourceNoCloud [seed=/dev/sdb][dsmode=net].  Up 25.21 seconds
[[0;32m  OK  [0m] Reached target Cloud-init target.

Ubuntu 16.04.3 LTS ubuntu-xenial ttyS0

ubuntu-xenial login: 